============================= test session starts =============================
platform win32 -- Python 3.14.3, pytest-9.0.2, pluggy-1.6.0 -- C:\Users\Kaka\AppData\Local\Programs\Python\Python314\python.exe
cachedir: .pytest_cache
rootdir: C:\Users\Kaka\skill-factory-web\pipeline
plugins: anyio-4.12.1, asyncio-1.3.0, mock-3.15.1
asyncio: mode=Mode.STRICT, debug=False, asyncio_default_fixture_loop_scope=None, asyncio_default_test_loop_scope=function
collecting ... collected 325 items

tests/test_adapter.py::TestLoadBaseline::test_load_baseline_real_data PASSED [  0%]
tests/test_adapter.py::TestLoadBaseline::test_load_baseline_synthetic PASSED [  0%]
tests/test_adapter.py::TestLoadBaseline::test_load_baseline_missing_skill_md PASSED [  0%]
tests/test_adapter.py::TestLoadBaseline::test_load_baseline_no_references_dir PASSED [  1%]
tests/test_adapter.py::TestScrapeDocsCache::test_scrape_docs_with_cache PASSED [  1%]
tests/test_adapter.py::TestScrapeDocsCache::test_scrape_github_with_cache PASSED [  1%]
tests/test_adapter.py::TestTimeout::test_scrape_docs_timeout PASSED      [  2%]
tests/test_adapter.py::TestTimeout::test_cli_not_found PASSED            [  2%]
tests/test_adapter.py::TestTimeout::test_cli_nonzero_exit PASSED         [  2%]
tests/test_analyze_repo.py::TestScanRepo::test_scan_finds_readme PASSED  [  3%]
tests/test_analyze_repo.py::TestScanRepo::test_scan_finds_source_files PASSED [  3%]
tests/test_analyze_repo.py::TestScanRepo::test_scan_finds_docs PASSED    [  3%]
tests/test_analyze_repo.py::TestScanRepo::test_scan_finds_config_files PASSED [  4%]
tests/test_analyze_repo.py::TestScanRepo::test_scan_finds_test_files PASSED [  4%]
tests/test_analyze_repo.py::TestScanRepo::test_scan_detects_languages PASSED [  4%]
tests/test_analyze_repo.py::TestScanRepo::test_scan_ignores_git_and_node_modules PASSED [  4%]
tests/test_analyze_repo.py::TestScanRepo::test_scan_total_files PASSED   [  5%]
tests/test_analyze_repo.py::TestExtractDocs::test_extract_readme PASSED  [  5%]
tests/test_analyze_repo.py::TestExtractDocs::test_extract_docs_files PASSED [  5%]
tests/test_analyze_repo.py::TestAnalyzeCode::test_analyze_creates_json PASSED [  6%]
tests/test_analyze_repo.py::TestAnalyzeCode::test_analyze_json_structure PASSED [  6%]
tests/test_analyze_repo.py::TestAnalyzeCode::test_analyze_files_have_content PASSED [  6%]
tests/test_analyze_repo.py::TestFileImportance::test_entry_point_high_score PASSED [  7%]
tests/test_analyze_repo.py::TestRunAnalyzeRepo::test_run_with_local_path PASSED [  7%]
tests/test_analyze_repo.py::TestRunAnalyzeRepo::test_run_docs_only PASSED [  7%]
tests/test_analyze_repo.py::TestRunAnalyzeRepo::test_run_with_bad_url PASSED [  8%]
tests/test_auto_discovery.py::TestDomainAnalyzer::test_analyze_returns_dataclass PASSED [  8%]
tests/test_auto_discovery.py::TestDomainAnalyzer::test_analyze_has_search_queries PASSED [  8%]
tests/test_auto_discovery.py::TestDomainAnalyzer::test_analyze_has_official_sites PASSED [  8%]
tests/test_auto_discovery.py::TestDomainAnalyzer::test_analyze_handles_parse_error PASSED [  9%]
tests/test_auto_discovery.py::TestDomainAnalyzer::test_analyze_uses_light_model PASSED [  9%]
tests/test_auto_discovery.py::TestURLDiscoverer::test_deduplicate_urls PASSED [  9%]
tests/test_auto_discovery.py::TestURLDiscoverer::test_is_valid_doc_url_accepts_docs PASSED [ 10%]
tests/test_auto_discovery.py::TestURLDiscoverer::test_is_valid_doc_url_rejects_login PASSED [ 10%]
tests/test_auto_discovery.py::TestURLDiscoverer::test_is_valid_doc_url_rejects_signup PASSED [ 10%]
tests/test_auto_discovery.py::TestURLDiscoverer::test_matches_patterns_with_match PASSED [ 11%]
tests/test_auto_discovery.py::TestURLDiscoverer::test_matches_patterns_no_match PASSED [ 11%]
tests/test_auto_discovery.py::TestURLDiscoverer::test_matches_patterns_empty PASSED [ 11%]
tests/test_auto_discovery.py::TestURLDiscoverer::test_extract_ddg_url_direct PASSED [ 12%]
tests/test_auto_discovery.py::TestURLDiscoverer::test_extract_ddg_url_protocol_relative PASSED [ 12%]
tests/test_auto_discovery.py::TestURLDiscoverer::test_extract_ddg_url_empty_for_invalid PASSED [ 12%]
tests/test_auto_discovery.py::TestURLDiscoverer::test_normalize_url_strips_trailing_slash PASSED [ 12%]
tests/test_auto_discovery.py::TestURLDiscoverer::test_normalize_url_lowercases PASSED [ 13%]
tests/test_auto_discovery.py::TestURLEvaluator::test_prefilter_removes_junk PASSED [ 13%]
tests/test_auto_discovery.py::TestURLEvaluator::test_prefilter_keeps_valid_docs PASSED [ 13%]
tests/test_auto_discovery.py::TestURLEvaluator::test_evaluate_returns_list PASSED [ 14%]
tests/test_auto_discovery.py::TestURLEvaluator::test_evaluate_respects_max_refs PASSED [ 14%]
tests/test_auto_discovery.py::TestURLEvaluator::test_evaluate_empty_candidates PASSED [ 14%]
tests/test_auto_discovery.py::TestURLEvaluator::test_evaluate_all_junk_returns_empty PASSED [ 15%]
tests/test_auto_discovery.py::TestSmartCrawler::test_url_to_safe_filename_no_special_chars PASSED [ 15%]
tests/test_auto_discovery.py::TestSmartCrawler::test_url_to_safe_filename_max_length PASSED [ 15%]
tests/test_auto_discovery.py::TestSmartCrawler::test_url_to_safe_filename_fallback PASSED [ 16%]
tests/test_auto_discovery.py::TestSmartCrawler::test_smart_crawl_empty_list PASSED [ 16%]
tests/test_auto_discovery.py::TestSmartCrawler::test_smart_crawl_creates_refs_dir PASSED [ 16%]
tests/test_auto_discovery.py::TestAutoDiscoveryOrchestrator::test_discovery_result_dataclass PASSED [ 16%]
tests/test_auto_discovery.py::TestAutoDiscoveryOrchestrator::test_discovery_result_defaults PASSED [ 17%]
tests/test_auto_discovery.py::TestAutoDiscoveryOrchestrator::test_baseline_summary_format_keys PASSED [ 17%]
tests/test_auto_discovery.py::TestAutoDiscoveryOrchestrator::test_baseline_summary_score_range PASSED [ 17%]
tests/test_auto_discovery.py::TestContentInference::test_is_generic_domain_custom PASSED [ 18%]
tests/test_auto_discovery.py::TestContentInference::test_is_generic_domain_unknown PASSED [ 18%]
tests/test_auto_discovery.py::TestContentInference::test_is_generic_domain_short PASSED [ 18%]
tests/test_auto_discovery.py::TestContentInference::test_is_generic_domain_specific PASSED [ 19%]
tests/test_auto_discovery.py::TestContentInference::test_is_generic_domain_case_insensitive PASSED [ 19%]
tests/test_auto_discovery.py::TestContentInference::test_infer_domain_from_content PASSED [ 19%]
tests/test_auto_discovery.py::TestContentInference::test_infer_domain_empty_dir PASSED [ 20%]
tests/test_auto_discovery.py::TestContentInference::test_infer_domain_nonexistent_dir PASSED [ 20%]
tests/test_auto_discovery.py::TestContentInference::test_discovery_uses_content_inference_for_custom PASSED [ 20%]
tests/test_auto_discovery.py::TestContentInference::test_discovery_skips_inference_for_specific_domain PASSED [ 20%]
tests/test_auto_discovery.py::TestContentInference::test_generic_domain_no_content_aborts PASSED [ 21%]
tests/test_auto_discovery.py::TestContentInference::test_generic_domain_with_content_infers PASSED [ 21%]
tests/test_auto_discovery.py::TestContentInference::test_non_generic_domain_proceeds_normally PASSED [ 21%]
tests/test_auto_discovery.py::TestCLI::test_discover_baseline_help PASSED [ 22%]
tests/test_auto_discovery.py::TestCLI::test_build_help_still_works PASSED [ 22%]
tests/test_auto_discovery.py::TestErrorHandling::test_discovery_timeout_error PASSED [ 22%]
tests/test_auto_discovery.py::TestErrorHandling::test_discovery_timeout_returns_false PASSED [ 23%]
tests/test_auto_discovery.py::TestErrorHandling::test_evaluate_handles_parse_error PASSED [ 23%]
tests/test_auto_discovery.py::TestErrorHandling::test_domain_analyzer_preserves_domain_on_error PASSED [ 23%]
tests/test_auto_discovery.py::TestBuildConfigIntegration::test_auto_discover_baseline_field_exists PASSED [ 24%]
tests/test_auto_discovery.py::TestBuildConfigIntegration::test_auto_discover_baseline_can_be_set PASSED [ 24%]
tests/test_auto_discovery.py::TestBaselineSummaryCompat::test_summary_json_round_trip PASSED [ 24%]
tests/test_auto_discovery.py::TestBaselineSummaryCompat::test_summary_references_have_content PASSED [ 24%]
tests/test_discover_baseline.py::TestReadSamples::test_reads_md_files PASSED [ 25%]
tests/test_discover_baseline.py::TestReadSamples::test_ignores_non_md_files PASSED [ 25%]
tests/test_discover_baseline.py::TestReadSamples::test_strips_yaml_frontmatter PASSED [ 25%]
tests/test_discover_baseline.py::TestReadSamples::test_empty_dir_returns_empty PASSED [ 26%]
tests/test_discover_baseline.py::TestReadSamples::test_nonexistent_dir_returns_empty PASSED [ 26%]
tests/test_discover_baseline.py::TestReadSamples::test_skips_short_files PASSED [ 26%]
tests/test_discover_baseline.py::TestReadSamples::test_truncates_long_files PASSED [ 27%]
tests/test_discover_baseline.py::TestReadSamples::test_max_sample_files_limit PASSED [ 27%]
tests/test_discover_baseline.py::TestAnalyzeContent::test_returns_domain PASSED [ 27%]
tests/test_discover_baseline.py::TestAnalyzeContent::test_returns_topics PASSED [ 28%]
tests/test_discover_baseline.py::TestAnalyzeContent::test_returns_search_queries PASSED [ 28%]
tests/test_discover_baseline.py::TestAnalyzeContent::test_handles_error_gracefully PASSED [ 28%]
tests/test_discover_baseline.py::TestAnalyzeContent::test_uses_light_model PASSED [ 28%]
tests/test_discover_baseline.py::TestSearchDDG::test_extract_ddg_url_direct PASSED [ 29%]
tests/test_discover_baseline.py::TestSearchDDG::test_extract_ddg_url_redirect PASSED [ 29%]
tests/test_discover_baseline.py::TestSearchDDG::test_extract_ddg_url_protocol_relative PASSED [ 29%]
tests/test_discover_baseline.py::TestSearchDDG::test_extract_ddg_url_empty_for_invalid PASSED [ 30%]
tests/test_discover_baseline.py::TestSearchDDG::test_is_valid_url_accepts_docs PASSED [ 30%]
tests/test_discover_baseline.py::TestSearchDDG::test_is_valid_url_rejects_login PASSED [ 30%]
tests/test_discover_baseline.py::TestSearchDDG::test_is_valid_url_rejects_signup PASSED [ 31%]
tests/test_discover_baseline.py::TestSearchDDG::test_is_valid_url_rejects_youtube_watch PASSED [ 31%]
tests/test_discover_baseline.py::TestEvaluateURLs::test_returns_scored_list PASSED [ 31%]
tests/test_discover_baseline.py::TestEvaluateURLs::test_empty_candidates_returns_empty PASSED [ 32%]
tests/test_discover_baseline.py::TestEvaluateURLs::test_handles_error_with_fallback PASSED [ 32%]
tests/test_discover_baseline.py::TestBuildBaselineSummary::test_creates_json_file PASSED [ 32%]
tests/test_discover_baseline.py::TestBuildBaselineSummary::test_json_has_required_keys PASSED [ 32%]
tests/test_discover_baseline.py::TestBuildBaselineSummary::test_score_range PASSED [ 33%]
tests/test_discover_baseline.py::TestBuildBaselineSummary::test_references_have_path_and_content PASSED [ 33%]
tests/test_discover_baseline.py::TestBuildBaselineSummary::test_metadata_included PASSED [ 33%]
tests/test_discover_baseline.py::TestBuildBaselineSummary::test_p0_prebuilt_compatibility PASSED [ 34%]
tests/test_discover_baseline.py::TestParseJSON::test_plain_json PASSED   [ 34%]
tests/test_discover_baseline.py::TestParseJSON::test_json_with_code_fence PASSED [ 34%]
tests/test_discover_baseline.py::TestParseJSON::test_json_array PASSED   [ 35%]
tests/test_discover_baseline.py::TestParseJSON::test_extracts_json_from_mixed_content PASSED [ 35%]
tests/test_discover_baseline.py::TestOrchestrator::test_empty_input_returns_failure PASSED [ 35%]
tests/test_discover_baseline.py::TestOrchestrator::test_no_md_files_returns_failure PASSED [ 36%]
tests/test_discover_baseline.py::TestCLIIntegration::test_discover_from_content_help PASSED [ 36%]
tests/test_discover_baseline.py::TestCLIIntegration::test_existing_commands_still_work PASSED [ 36%]
tests/test_e2e_dry.py::TestE2EDryRun::test_full_pipeline_completes PASSED [ 36%]
tests/test_e2e_dry.py::TestE2EDryRun::test_all_phases_recorded_in_state PASSED [ 37%]
tests/test_e2e_dry.py::TestE2EDryRun::test_checkpoint_saved_and_loadable PASSED [ 37%]
tests/test_e2e_dry.py::TestE2EDryRun::test_output_files_exist PASSED     [ 37%]
tests/test_e2e_dry.py::TestE2EDryRun::test_knowledge_dir_has_md_files PASSED [ 38%]
tests/test_e2e_dry.py::TestE2EDryRun::test_atoms_raw_has_valid_structure PASSED [ 38%]
tests/test_e2e_dry.py::TestE2EDryRun::test_atoms_verified_has_status PASSED [ 38%]
tests/test_e2e_dry.py::TestE2EDryRun::test_metadata_json_structure PASSED [ 39%]
tests/test_e2e_dry.py::TestE2EDryRun::test_package_zip_is_valid PASSED   [ 39%]
tests/test_e2e_dry.py::TestE2EDryRun::test_stdout_emits_valid_json_events PASSED [ 39%]
tests/test_e2e_dry.py::TestE2EDryRun::test_phase_events_cover_all_phases PASSED [ 40%]
tests/test_extract_pdf.py::test_clean_text_merges_hyphens PASSED         [ 40%]
tests/test_extract_pdf.py::test_clean_text_removes_page_numbers PASSED   [ 40%]
tests/test_extract_pdf.py::test_clean_text_normalizes_newlines PASSED    [ 40%]
tests/test_extract_pdf.py::test_detect_heading_all_caps PASSED           [ 41%]
tests/test_extract_pdf.py::test_detect_heading_normal_text PASSED        [ 41%]
tests/test_extract_pdf.py::test_detect_heading_title_case PASSED         [ 41%]
tests/test_extract_pdf.py::test_detect_repeated_header_footer PASSED     [ 42%]
tests/test_extract_pdf.py::test_extract_single_pdf PASSED                [ 42%]
tests/test_extract_pdf.py::test_extract_empty_pdf PASSED                 [ 42%]
tests/test_extract_pdf.py::test_extract_nonexistent_pdf PASSED           [ 43%]
tests/test_extract_pdf.py::test_run_extract_pdf_with_dir PASSED          [ 43%]
tests/test_extract_pdf.py::test_run_extract_pdf_no_files PASSED          [ 43%]
tests/test_extract_pdf.py::TestCleanOcrText::test_removes_null_bytes PASSED [ 44%]
tests/test_extract_pdf.py::TestCleanOcrText::test_removes_control_chars PASSED [ 44%]
tests/test_extract_pdf.py::TestCleanOcrText::test_preserves_newlines_and_tabs PASSED [ 44%]
tests/test_extract_pdf.py::TestCleanOcrText::test_removes_bom PASSED     [ 44%]
tests/test_extract_pdf.py::TestCleanOcrText::test_normalizes_whitespace PASSED [ 45%]
tests/test_extract_pdf.py::TestCleanOcrText::test_reduces_blank_lines PASSED [ 45%]
tests/test_extract_pdf.py::TestCleanOcrText::test_handles_vietnamese_text PASSED [ 45%]
tests/test_extract_pdf.py::TestCleanOcrText::test_empty_string PASSED    [ 46%]
tests/test_extract_pdf.py::TestCleanOcrText::test_strips_trailing_whitespace PASSED [ 46%]
tests/test_extract_pdf.py::TestCleanOcrText::test_nfc_normalizes_vietnamese PASSED [ 46%]
tests/test_extract_pdf.py::TestCleanOcrText::test_removes_pua_chars PASSED [ 47%]
tests/test_extract_pdf.py::TestCleanOcrText::test_removes_non_bmp PASSED [ 47%]
tests/test_extract_pdf.py::TestCleanOcrText::test_removes_replacement_char PASSED [ 47%]
tests/test_extract_pdf.py::TestCleanOcrText::test_removes_reverse_bom PASSED [ 48%]
tests/test_extract_pdf.py::TestCleanOcrText::test_removes_c1_control_chars PASSED [ 48%]
tests/test_extract_pdf.py::TestCleanOcrText::test_realistic_ocr_garbage PASSED [ 48%]
tests/test_extract_pdf.py::TestDiagnoseText::test_detects_null_bytes PASSED [ 48%]
tests/test_extract_pdf.py::TestDiagnoseText::test_detects_bom PASSED     [ 49%]
tests/test_extract_pdf.py::TestDiagnoseText::test_detects_control_chars PASSED [ 49%]
tests/test_extract_pdf.py::TestDiagnoseText::test_detects_pua_chars PASSED [ 49%]
tests/test_extract_pdf.py::TestDiagnoseText::test_clean_text_has_no_problems PASSED [ 50%]
tests/test_fetch_urls.py::test_parse_urls_comma_separated PASSED         [ 50%]
tests/test_fetch_urls.py::test_parse_urls_newline_separated PASSED       [ 50%]
tests/test_fetch_urls.py::test_parse_urls_rejects_invalid PASSED         [ 51%]
tests/test_fetch_urls.py::test_parse_urls_empty_string PASSED            [ 51%]
tests/test_fetch_urls.py::test_extract_title PASSED                      [ 51%]
tests/test_fetch_urls.py::test_remove_noise_strips_nav_footer PASSED     [ 52%]
tests/test_fetch_urls.py::test_find_main_content_prefers_article PASSED  [ 52%]
tests/test_fetch_urls.py::test_html_to_markdown_headings_and_text PASSED [ 52%]
tests/test_fetch_urls.py::test_fetch_and_convert_success PASSED          [ 52%]
tests/test_fetch_urls.py::test_fetch_and_convert_network_error PASSED    [ 53%]
tests/test_fetch_urls.py::test_run_fetch_urls_creates_files PASSED       [ 53%]
tests/test_fetch_urls.py::test_run_fetch_urls_no_valid_urls PASSED       [ 53%]
tests/test_integration_features.py::TestOcrSanitizationIntegration::test_ocr_output_fully_sanitized PASSED [ 54%]
tests/test_integration_features.py::TestOcrSanitizationIntegration::test_clean_text_is_api_safe PASSED [ 54%]
tests/test_integration_features.py::TestOcrSanitizationIntegration::test_clean_preserves_meaningful_content PASSED [ 54%]
tests/test_integration_features.py::TestOcrSanitizationIntegration::test_unicode_vietnamese_preserved PASSED [ 55%]
tests/test_integration_features.py::TestAutoBaselineDiscoveryIntegration::test_read_samples_from_transcripts PASSED [ 55%]
tests/test_integration_features.py::TestAutoBaselineDiscoveryIntegration::test_analyze_content_returns_valid_structure PASSED [ 55%]
tests/test_integration_features.py::TestAutoBaselineDiscoveryIntegration::test_analyze_content_error_returns_defaults PASSED [ 56%]
tests/test_integration_features.py::TestAutoBaselineDiscoveryIntegration::test_url_filter_rejects_social_media PASSED [ 56%]
tests/test_integration_features.py::TestAutoBaselineDiscoveryIntegration::test_evaluate_urls_with_mock PASSED [ 56%]
tests/test_integration_features.py::TestAutoBaselineDiscoveryIntegration::test_baseline_summary_p0_compatible PASSED [ 56%]
tests/test_integration_features.py::TestAutoBaselineDiscoveryIntegration::test_full_discovery_with_mocked_externals PASSED [ 57%]
tests/test_integration_features.py::TestCombinedOcrAndDiscovery::test_ocr_cleaned_text_usable_for_discovery PASSED [ 57%]
tests/test_integration_features.py::TestCombinedOcrAndDiscovery::test_discovery_with_ocr_content PASSED [ 57%]
tests/test_integration_features.py::TestCombinedOcrAndDiscovery::test_empty_input_graceful_failure PASSED [ 58%]
tests/test_integration_features.py::TestCombinedOcrAndDiscovery::test_no_md_files_graceful_failure PASSED [ 58%]
tests/test_integration_features.py::TestDiscoverFromContentCLI::test_cli_subparser_exists PASSED [ 58%]
tests/test_integration_features.py::TestDiscoverFromContentCLI::test_cli_missing_args_fails PASSED [ 59%]
tests/test_integration_features.py::TestDiscoverFromContentCLI::test_existing_cli_commands_not_broken PASSED [ 59%]
tests/test_integration_features.py::TestE2ESmokeOcrAndDiscovery::test_smoke_ocr_then_discovery PASSED [ 59%]
tests/test_logger.py::TestLoggerEvents::test_phase_start_emits_phase_and_log PASSED [ 60%]
tests/test_logger.py::TestLoggerEvents::test_phase_progress_clamps_0_100 PASSED [ 60%]
tests/test_logger.py::TestLoggerEvents::test_phase_complete_emits_quality_and_phase PASSED [ 60%]
tests/test_logger.py::TestLoggerEvents::test_phase_failed_emits_phase_and_error PASSED [ 60%]
tests/test_logger.py::TestLoggerEvents::test_log_levels PASSED           [ 61%]
tests/test_logger.py::TestLoggerEvents::test_report_cost PASSED          [ 61%]
tests/test_logger.py::TestLoggerEvents::test_report_quality_aggregate PASSED [ 61%]
tests/test_logger.py::TestLoggerEvents::test_report_conflicts PASSED     [ 62%]
tests/test_logger.py::TestLoggerEvents::test_report_package PASSED       [ 62%]
tests/test_logger.py::TestLoggerEvents::test_all_output_is_valid_json PASSED [ 62%]
tests/test_phases.py::TestP0Baseline::test_empty_sources_returns_done PASSED [ 63%]
tests/test_phases.py::TestP0Baseline::test_returns_phase_result PASSED   [ 63%]
tests/test_phases.py::TestP1Audit::test_audit_produces_inventory PASSED  [ 63%]
tests/test_phases.py::TestP1Audit::test_audit_no_transcripts_fails PASSED [ 64%]
tests/test_phases.py::TestP2Extract::test_extract_produces_atoms PASSED  [ 64%]
tests/test_phases.py::TestP2Extract::test_extract_no_transcripts_fails PASSED [ 64%]
tests/test_phases.py::TestP2Extract::test_extract_with_code_analysis PASSED [ 64%]
tests/test_phases.py::TestP2Extract::test_extract_without_code_analysis PASSED [ 65%]
tests/test_phases.py::TestP3Dedup::test_dedup_produces_deduplicated_atoms PASSED [ 65%]
tests/test_phases.py::TestP3Dedup::test_dedup_no_input_handles_gracefully PASSED [ 65%]
tests/test_phases.py::TestCategoryFallback::test_empty_category_defaults_to_general_in_p3 PASSED [ 66%]
tests/test_phases.py::TestP3PreservesOriginal::test_p3_preserves_original_fields PASSED [ 66%]
tests/test_phases.py::TestP3PreservesOriginal::test_p3_no_content_truncation PASSED [ 66%]
tests/test_phases.py::TestP3SafeguardEmptyResponse::test_p3_empty_claude_response_keeps_all_atoms PASSED [ 67%]
tests/test_phases.py::TestAdaptiveThreshold::test_small_set_reduces_threshold PASSED [ 67%]
tests/test_phases.py::TestAdaptiveThreshold::test_medium_set_reduces_threshold PASSED [ 67%]
tests/test_phases.py::TestAdaptiveThreshold::test_large_set_no_change PASSED [ 68%]
tests/test_phases.py::TestAdaptiveThreshold::test_minimum_floor PASSED   [ 68%]
tests/test_phases.py::TestAdaptiveThreshold::test_near_100_reduces_slightly PASSED [ 68%]
tests/test_phases.py::TestP4Verify::test_verify_produces_verified_atoms PASSED [ 68%]
tests/test_phases.py::TestP4Verify::test_verify_no_input_fails PASSED    [ 69%]
tests/test_phases.py::TestP4Verify::test_verify_evidence_found_has_details PASSED [ 69%]
tests/test_phases.py::TestP4Verify::test_verify_evidence_not_found_has_closest PASSED [ 69%]
tests/test_phases.py::TestP5Build::test_build_creates_package PASSED     [ 70%]
tests/test_phases.py::TestP5Build::test_build_no_input_fails PASSED      [ 70%]
tests/test_phases.py::TestP5Build::test_multi_platform_creates_subdirs PASSED [ 70%]
tests/test_phases.py::TestP5Build::test_multi_platform_claude_dir_structure PASSED [ 71%]
tests/test_phases.py::TestP5Build::test_multi_platform_openclaw_simplified_frontmatter PASSED [ 71%]
tests/test_phases.py::TestP5Build::test_multi_platform_antigravity_single_file PASSED [ 71%]
tests/test_phases.py::TestP5Build::test_multi_platform_metadata_lists_platforms PASSED [ 72%]
tests/test_phases.py::TestP5Build::test_single_platform_stays_flat PASSED [ 72%]
tests/test_phases.py::TestP5Build::test_readme_generated_in_output PASSED [ 72%]
tests/test_phases.py::TestP5Build::test_readme_in_package_zip PASSED     [ 72%]
tests/test_phases.py::TestP5Build::test_examples_generated_with_code_atoms PASSED [ 73%]
tests/test_phases.py::TestP5Build::test_no_examples_without_code_atoms PASSED [ 73%]
tests/test_phases.py::TestP5Build::test_skill_md_has_examples_routing PASSED [ 73%]
tests/test_phases.py::TestP5ReferencePathBasename::test_p5_reference_paths_use_basename PASSED [ 74%]
tests/test_phases.py::TestP5CopiesReferences::test_auto_discovery_refs_copied PASSED [ 74%]
tests/test_phases.py::TestP5CopiesReferences::test_auto_discovery_content_refs_copied PASSED [ 74%]
tests/test_phases.py::TestP5CopiesReferences::test_readme_shows_ref_count PASSED [ 75%]
tests/test_phases.py::TestCustomBaseUrl::test_base_url_passed_to_client PASSED [ 75%]
tests/test_phases.py::TestCustomBaseUrl::test_use_light_model_default_false PASSED [ 75%]
tests/test_phases.py::TestHybridModel::test_p3_uses_light_model PASSED   [ 76%]
tests/test_phases.py::TestBatchVerify::test_p4_batch_verify_reduces_calls PASSED [ 76%]
tests/test_phases.py::TestCreditExhausted::test_credit_exhausted_error_class PASSED [ 76%]
tests/test_phases.py::TestSanitizeApiText::test_removes_null_bytes PASSED [ 76%]
tests/test_phases.py::TestSanitizeApiText::test_removes_bom PASSED       [ 77%]
tests/test_phases.py::TestSanitizeApiText::test_removes_control_chars PASSED [ 77%]
tests/test_phases.py::TestSanitizeApiText::test_preserves_vietnamese PASSED [ 77%]
tests/test_phases.py::TestSanitizeApiText::test_nfc_normalizes_vietnamese PASSED [ 78%]
tests/test_phases.py::TestSanitizeApiText::test_removes_pua_chars PASSED [ 78%]
tests/test_phases.py::TestSanitizeApiText::test_removes_surrogates PASSED [ 78%]
tests/test_phases.py::TestSanitizeApiText::test_empty_string PASSED      [ 79%]
tests/test_phases.py::TestSanitizeApiText::test_preserves_newlines_tabs PASSED [ 79%]
tests/test_phases.py::TestSanitizeApiText::test_realistic_ocr_garbage PASSED [ 79%]
tests/test_phases.py::TestSanitizeApiText::test_removes_non_bmp PASSED   [ 80%]
tests/test_phases.py::TestP2StructuralScore::test_p2_score_structural_not_confidence PASSED [ 80%]
tests/test_phases.py::TestP2StructuralScore::test_p2_score_penalizes_short_content PASSED [ 80%]
tests/test_phases.py::TestP3BidirectionalScore::test_p3_score_ideal_range PASSED [ 80%]
tests/test_phases.py::TestP3BidirectionalScore::test_p3_score_under_dedup_penalty PASSED [ 81%]
tests/test_phases.py::TestP4EvidenceBasedScore::test_p4_status_unverified_when_no_evidence PASSED [ 81%]
tests/test_phases.py::TestP4EvidenceBasedScore::test_p4_status_passthrough_when_not_sampled PASSED [ 81%]
tests/test_phases.py::TestP4EvidenceBasedScore::test_p4_score_evidence_based PASSED [ 82%]
tests/test_phases.py::TestP5WeightedScore::test_p5_final_score_weighted PASSED [ 82%]
tests/test_phases.py::TestP5WeightedScore::test_p5_final_score_bad_baseline_cap PASSED [ 82%]
tests/test_phases.py::TestP5WeightedScore::test_p5_final_score_no_evidence_penalty PASSED [ 83%]
tests/test_phases.py::TestP3OverDedupAndIntegrity::test_p3_score_over_dedup_penalty PASSED [ 83%]
tests/test_phases.py::TestP3OverDedupAndIntegrity::test_p3_score_integrity_penalty PASSED [ 83%]
tests/test_phases.py::TestP5IncludesUnverified::test_p5_builds_with_unverified_atoms PASSED [ 84%]
tests/test_phases.py::TestP5CompressionReal::test_p5_compression_uses_real_transcript PASSED [ 84%]
tests/test_phases.py::TestP0RelevanceScore::test_p0_score_good_baseline PASSED [ 84%]
tests/test_phases.py::TestP0RelevanceScore::test_p0_score_bad_baseline PASSED [ 84%]
tests/test_phases.py::TestP0RelevanceScore::test_p0_score_empty_refs PASSED [ 85%]
tests/test_phases.py::TestP0RelevanceScore::test_p0_score_stub_refs PASSED [ 85%]
tests/test_phases.py::TestP0RelevanceScore::test_p0_score_diverse_vs_repetitive PASSED [ 85%]
tests/test_phases.py::TestP1MeasurableScore::test_p1_score_not_claude_quality PASSED [ 86%]
tests/test_phases.py::TestP1MeasurableScore::test_p1_score_category_diversity PASSED [ 86%]
tests/test_phases.py::TestP1MeasurableScore::test_p1_score_high_gap_warning PASSED [ 86%]
tests/test_phases.py::TestP1BaselineSourceDetection::test_p1_loads_auto_discovery_content_baseline PASSED [ 87%]
tests/test_phases.py::TestP1BaselineSourceDetection::test_p4_loads_auto_discovery_baseline PASSED [ 87%]
tests/test_phases.py::TestDiscoveryRelevanceScore::test_discovery_score_good_refs PASSED [ 87%]
tests/test_phases.py::TestDiscoveryRelevanceScore::test_discovery_score_irrelevant_refs PASSED [ 88%]
tests/test_phases.py::TestDiscoveryRelevanceScore::test_discovery_score_empty PASSED [ 88%]
tests/test_phases.py::TestDiscoveryRelevanceScore::test_discovery_score_short_refs PASSED [ 88%]
tests/test_phases.py::TestDiscoveryRelevanceScore::test_discover_baseline_score_relevance PASSED [ 88%]
tests/test_phases.py::TestP6Optimize::test_extract_description_double_quoted PASSED [ 89%]
tests/test_phases.py::TestP6Optimize::test_extract_description_unquoted PASSED [ 89%]
tests/test_phases.py::TestP6Optimize::test_extract_description_folded_scalar PASSED [ 89%]
tests/test_phases.py::TestP6Optimize::test_replace_description PASSED    [ 90%]
tests/test_phases.py::TestP6Optimize::test_split_eval_set_stratified PASSED [ 90%]
tests/test_phases.py::TestP6Optimize::test_calc_score PASSED             [ 90%]
tests/test_phases.py::TestP6Optimize::test_decoy_skills_count PASSED     [ 91%]
tests/test_phases.py::TestP55SmokeTest::test_import PASSED               [ 91%]
tests/test_phases.py::TestP55SmokeTest::test_skips_without_claude PASSED [ 91%]
tests/test_phases.py::TestProgressiveDisclosure::test_description_too_short PASSED [ 92%]
tests/test_phases.py::TestProgressiveDisclosure::test_description_ok PASSED [ 92%]
tests/test_phases.py::TestProgressiveDisclosure::test_description_over_1024_chars PASSED [ 92%]
tests/test_phases.py::TestMultiModelStrategy::test_phase_model_map_structure PASSED [ 92%]
tests/test_phases.py::TestMultiModelStrategy::test_draft_uses_light_for_p1 PASSED [ 93%]
tests/test_phases.py::TestMultiModelStrategy::test_premium_uses_full_for_all FAILED [ 93%]
tests/test_quality_scoring_integration.py::TestP0ScoreDifferentiation::test_good_baseline_high_score PASSED [ 93%]
tests/test_quality_scoring_integration.py::TestP0ScoreDifferentiation::test_bad_baseline_low_score PASSED [ 94%]
tests/test_quality_scoring_integration.py::TestP0ScoreDifferentiation::test_score_gap_minimum_20 PASSED [ 94%]
tests/test_quality_scoring_integration.py::TestP0ScoreDifferentiation::test_empty_refs PASSED [ 94%]
tests/test_quality_scoring_integration.py::TestP0ScoreDifferentiation::test_stub_refs_penalized PASSED [ 95%]
tests/test_quality_scoring_integration.py::TestP4EvidenceDifferentiation::test_matching_atom_found PASSED [ 95%]
tests/test_quality_scoring_integration.py::TestP4EvidenceDifferentiation::test_unrelated_atom_not_found PASSED [ 95%]
tests/test_quality_scoring_integration.py::TestP4EvidenceDifferentiation::test_found_has_higher_match_score PASSED [ 96%]
tests/test_quality_scoring_integration.py::TestCodeInspection::test_p1_no_avg_quality PASSED [ 96%]
tests/test_quality_scoring_integration.py::TestCodeInspection::test_p1_has_measurable_components PASSED [ 96%]
tests/test_quality_scoring_integration.py::TestCodeInspection::test_p3_no_inverted_formula PASSED [ 96%]
tests/test_quality_scoring_integration.py::TestCodeInspection::test_p3_has_ideal_ranges PASSED [ 97%]
tests/test_quality_scoring_integration.py::TestCodeInspection::test_p4_score_uses_evidence PASSED [ 97%]
tests/test_quality_scoring_integration.py::TestCodeInspection::test_p5_reads_all_phase_files PASSED [ 97%]
tests/test_quality_scoring_integration.py::TestCodeInspection::test_p5_weights_sum_one PASSED [ 98%]
tests/test_quality_scoring_integration.py::TestSourceDetectionConsistency::test_source_detection[phases/p1_audit.py] PASSED [ 98%]
tests/test_quality_scoring_integration.py::TestSourceDetectionConsistency::test_source_detection[phases/p2_extract.py] PASSED [ 98%]
tests/test_quality_scoring_integration.py::TestSourceDetectionConsistency::test_source_detection[phases/p4_verify.py] PASSED [ 99%]
tests/test_quality_scoring_integration.py::TestSourceDetectionConsistency::test_source_detection[phases/p5_build.py] PASSED [ 99%]
tests/test_quality_scoring_integration.py::TestDiscoveryScore::test_auto_discovery_no_count_formula PASSED [ 99%]
tests/test_quality_scoring_integration.py::TestDiscoveryScore::test_discover_baseline_no_count_formula PASSED [100%]

================================== FAILURES ===================================
____________ TestMultiModelStrategy.test_premium_uses_full_for_all ____________
tests\test_phases.py:1475: in test_premium_uses_full_for_all
    assert use_light is False, f"Premium should use full model for {phase_id}"
E   AssertionError: Premium should use full model for p3
E   assert True is False
=========================== short test summary info ===========================
FAILED tests/test_phases.py::TestMultiModelStrategy::test_premium_uses_full_for_all
================== 1 failed, 324 passed in 92.72s (0:01:32) ===================
